<?xml version="1.0" encoding="UTF-8"?>
<testsuite xmlns:xsi="http://www.w3.org/2001/XMLSchema-instance" xsi:noNamespaceSchemaLocation="https://maven.apache.org/surefire/maven-surefire-plugin/xsd/surefire-test-report.xsd" name="website_test.HomePageDesignerTest" time="38.537" tests="3" errors="0" skipped="0" failures="0">
  <properties>
[...]
</properties>
  <testcase name="designerFillingsIngredientsTest" classname="website_test.HomePageDesignerTest" time="17.77"/>
  <testcase name="designerSaucesIngredientsTest" classname="website_test.HomePageDesignerTest" time="8.895"/>
  <testcase name="designerBunsIngredientsTest" classname="website_test.HomePageDesignerTest" time="10.414"/>
</testsuite>